Reading pref.tcl

# 2021.2

# vsim -c -voptargs="+acc" tb_top "+TIMEOUT=10000000" "+num_of_testcases=4" "+test_mode=1" "+epsilon_mult=1.0" "+input_dir=../inputs" "+info_level=0" "+mystery_test=0" -do "run -all" 
# Start time: 17:44:06 on Nov 06,2024
# ** Note: (vsim-8009) Loading existing optimized design _opt
# //  ModelSim SE 2021.2 Apr 14 2021 Linux 4.18.0-553.22.1.el8_10.x86_64
# //
# //  Copyright 1991-2021 Mentor Graphics Corporation
# //  All Rights Reserved.
# //
# //  ModelSim SE and its associated documentation contain trade
# //  secrets and commercial or financial information that are the property of
# //  Mentor Graphics Corporation and are privileged, confidential,
# //  and exempt from disclosure under the Freedom of Information Act,
# //  5 U.S.C. Section 552. Furthermore, this information
# //  is prohibited from disclosure under the Trade Secrets Act,
# //  18 U.S.C. Section 1905.
# //
# Loading sv_std.std
# Loading work.tb_top(fast)
# Loading work.sram(fast)
# Loading work.sram(fast__1)
# Loading work.MyDesign(fast)
# Loading work.DW_fp_mac_inst(fast)
# Loading work.DW_fp_mac(fast)
# Loading work.DW_fp_dp2(fast)
# ** Warning: (vsim-3015) [PCDPC] - Port size (32) does not match connection size (1) for port 'C_Acc'. The port definition is at: ../rtl/dut.sv(445).
#    Time: 0 ns  Iteration: 0  Instance: /tb_top/dut/FP_MAC File: ../rtl/dut.sv Line: 427
# ** Warning: (vsim-3015) [PCDPC] - Port size (32) does not match connection size (1) for port 'Cdata'. The port definition is at: ../rtl/dut.sv(447).
#    Time: 0 ns  Iteration: 0  Instance: /tb_top/dut/FP_MAC File: ../rtl/dut.sv Line: 427
# run -all
# INFO: number of testcases:           4
# INFO: DONE WITH RESETING DUT
# INFO:LVL0: ######## Running Test: 1 ########
# INFO: Reading memory file: ../inputs/test_1/test_1_input.dat
# INFO: Reading memory file: ../inputs/test_1/test_1_weight.dat
# Received filename in check_result = test
# INFO: ../inputs/test_1/test_1_result.dat
# [          0]: ERROR: SRAM result entry is missing
# [          1]: ERROR: SRAM result entry is missing
# [          2]: ERROR: SRAM result entry is missing
# [          3]: ERROR: SRAM result entry is missing
# [          4]: ERROR: SRAM result entry is missing
# [          5]: ERROR: SRAM result entry is missing
# [          6]: ERROR: SRAM result entry is missing
# [          7]: ERROR: SRAM result entry is missing
# [          8]: ERROR: SRAM result entry is missing
# [          9]: ERROR: SRAM result entry is missing
# [         10]: ERROR: SRAM result entry is missing
# [         11]: ERROR: SRAM result entry is missing
# [         12]: ERROR: SRAM result entry is missing
# [         13]: ERROR: SRAM result entry is missing
# [         14]: ERROR: SRAM result entry is missing
# [         15]: ERROR: SRAM result entry is missing
# [         16]: ERROR: SRAM result entry is missing
# [         17]: ERROR: SRAM result entry is missing
# [         18]: ERROR: SRAM result entry is missing
# [         19]: ERROR: SRAM result entry is missing
# [         20]: ERROR: SRAM result entry is missing
# [         21]: ERROR: SRAM result entry is missing
# [         22]: ERROR: SRAM result entry is missing
# [         23]: ERROR: SRAM result entry is missing
# [         24]: ERROR: SRAM result entry is missing
# [         25]: ERROR: SRAM result entry is missing
# [         26]: ERROR: SRAM result entry is missing
# [         27]: ERROR: SRAM result entry is missing
# [         28]: ERROR: SRAM result entry is missing
# [         29]: ERROR: SRAM result entry is missing
# [         30]: ERROR: SRAM result entry is missing
# [         31]: ERROR: SRAM result entry is missing
# [         32]: ERROR: SRAM result entry is missing
# [         33]: ERROR: SRAM result entry is missing
# [         34]: ERROR: SRAM result entry is missing
# [         35]: ERROR: SRAM result entry is missing
# [         36]: ERROR: SRAM result entry is missing
# [         37]: ERROR: SRAM result entry is missing
# [         38]: ERROR: SRAM result entry is missing
# [         39]: ERROR: SRAM result entry is missing
# [         40]: ERROR: SRAM result entry is missing
# [         41]: ERROR: SRAM result entry is missing
# [         42]: ERROR: SRAM result entry is missing
# [         43]: ERROR: SRAM result entry is missing
# [         44]: ERROR: SRAM result entry is missing
# [         45]: ERROR: SRAM result entry is missing
# [         46]: ERROR: SRAM result entry is missing
# [         47]: ERROR: SRAM result entry is missing
# [         48]: ERROR: SRAM result entry is missing
# [         49]: ERROR: SRAM result entry is missing
# [         50]: ERROR: SRAM result entry is missing
# [         51]: ERROR: SRAM result entry is missing
# [         52]: ERROR: SRAM result entry is missing
# [         53]: ERROR: SRAM result entry is missing
# [         54]: ERROR: SRAM result entry is missing
# [         55]: ERROR: SRAM result entry is missing
# [         56]: ERROR: SRAM result entry is missing
# [         57]: ERROR: SRAM result entry is missing
# [         58]: ERROR: SRAM result entry is missing
# [         59]: ERROR: SRAM result entry is missing
# [         60]: ERROR: SRAM result entry is missing
# [         61]: ERROR: SRAM result entry is missing
# [         62]: ERROR: SRAM result entry is missing
# [         63]: ERROR: SRAM result entry is missing
# INFO:LVL0: ######## Running Test: 2 ########
# INFO: Reading memory file: ../inputs/test_2/test_2_input.dat
# INFO: Reading memory file: ../inputs/test_2/test_2_weight.dat
# Received filename in check_result = test
# INFO: ../inputs/test_2/test_2_result.dat
# [          0]: ERROR: SRAM result entry is missing
# [          1]: ERROR: SRAM result entry is missing
# [          2]: ERROR: SRAM result entry is missing
# [          3]: ERROR: SRAM result entry is missing
# [          4]: ERROR: SRAM result entry is missing
# [          5]: ERROR: SRAM result entry is missing
# [          6]: ERROR: SRAM result entry is missing
# [          7]: ERROR: SRAM result entry is missing
# [          8]: ERROR: SRAM result entry is missing
# [          9]: ERROR: SRAM result entry is missing
# [         10]: ERROR: SRAM result entry is missing
# [         11]: ERROR: SRAM result entry is missing
# [         12]: ERROR: SRAM result entry is missing
# [         13]: ERROR: SRAM result entry is missing
# [         14]: ERROR: SRAM result entry is missing
# [         15]: ERROR: SRAM result entry is missing
# [         16]: ERROR: SRAM result entry is missing
# [         17]: ERROR: SRAM result entry is missing
# [         18]: ERROR: SRAM result entry is missing
# [         19]: ERROR: SRAM result entry is missing
# [         20]: ERROR: SRAM result entry is missing
# [         21]: ERROR: SRAM result entry is missing
# [         22]: ERROR: SRAM result entry is missing
# [         23]: ERROR: SRAM result entry is missing
# [         24]: ERROR: SRAM result entry is missing
# [         25]: ERROR: SRAM result entry is missing
# [         26]: ERROR: SRAM result entry is missing
# [         27]: ERROR: SRAM result entry is missing
# [         28]: ERROR: SRAM result entry is missing
# [         29]: ERROR: SRAM result entry is missing
# [         30]: ERROR: SRAM result entry is missing
# [         31]: ERROR: SRAM result entry is missing
# [         32]: ERROR: SRAM result entry is missing
# [         33]: ERROR: SRAM result entry is missing
# [         34]: ERROR: SRAM result entry is missing
# [         35]: ERROR: SRAM result entry is missing
# [         36]: ERROR: SRAM result entry is missing
# [         37]: ERROR: SRAM result entry is missing
# [         38]: ERROR: SRAM result entry is missing
# [         39]: ERROR: SRAM result entry is missing
# [         40]: ERROR: SRAM result entry is missing
# [         41]: ERROR: SRAM result entry is missing
# [         42]: ERROR: SRAM result entry is missing
# [         43]: ERROR: SRAM result entry is missing
# [         44]: ERROR: SRAM result entry is missing
# [         45]: ERROR: SRAM result entry is missing
# [         46]: ERROR: SRAM result entry is missing
# [         47]: ERROR: SRAM result entry is missing
# [         48]: ERROR: SRAM result entry is missing
# [         49]: ERROR: SRAM result entry is missing
# [         50]: ERROR: SRAM result entry is missing
# [         51]: ERROR: SRAM result entry is missing
# [         52]: ERROR: SRAM result entry is missing
# [         53]: ERROR: SRAM result entry is missing
# [         54]: ERROR: SRAM result entry is missing
# [         55]: ERROR: SRAM result entry is missing
# [         56]: ERROR: SRAM result entry is missing
# [         57]: ERROR: SRAM result entry is missing
# [         58]: ERROR: SRAM result entry is missing
# [         59]: ERROR: SRAM result entry is missing
# [         60]: ERROR: SRAM result entry is missing
# [         61]: ERROR: SRAM result entry is missing
# [         62]: ERROR: SRAM result entry is missing
# [         63]: ERROR: SRAM result entry is missing
# INFO:LVL0: ######## Running Test: 3 ########
# INFO: Reading memory file: ../inputs/test_3/test_3_input.dat
# INFO: Reading memory file: ../inputs/test_3/test_3_weight.dat
# Received filename in check_result = test
# INFO: ../inputs/test_3/test_3_result.dat
# [          0]: ERROR: SRAM result entry is missing
# [          1]: ERROR: SRAM result entry is missing
# [          2]: ERROR: SRAM result entry is missing
# [          3]: ERROR: SRAM result entry is missing
# [          4]: ERROR: SRAM result entry is missing
# [          5]: ERROR: SRAM result entry is missing
# [          6]: ERROR: SRAM result entry is missing
# [          7]: ERROR: SRAM result entry is missing
# [          8]: ERROR: SRAM result entry is missing
# [          9]: ERROR: SRAM result entry is missing
# [         10]: ERROR: SRAM result entry is missing
# [         11]: ERROR: SRAM result entry is missing
# [         12]: ERROR: SRAM result entry is missing
# [         13]: ERROR: SRAM result entry is missing
# [         14]: ERROR: SRAM result entry is missing
# [         15]: ERROR: SRAM result entry is missing
# [         16]: ERROR: SRAM result entry is missing
# [         17]: ERROR: SRAM result entry is missing
# [         18]: ERROR: SRAM result entry is missing
# [         19]: ERROR: SRAM result entry is missing
# [         20]: ERROR: SRAM result entry is missing
# [         21]: ERROR: SRAM result entry is missing
# [         22]: ERROR: SRAM result entry is missing
# [         23]: ERROR: SRAM result entry is missing
# [         24]: ERROR: SRAM result entry is missing
# [         25]: ERROR: SRAM result entry is missing
# [         26]: ERROR: SRAM result entry is missing
# [         27]: ERROR: SRAM result entry is missing
# [         28]: ERROR: SRAM result entry is missing
# [         29]: ERROR: SRAM result entry is missing
# [         30]: ERROR: SRAM result entry is missing
# [         31]: ERROR: SRAM result entry is missing
# [         32]: ERROR: SRAM result entry is missing
# [         33]: ERROR: SRAM result entry is missing
# [         34]: ERROR: SRAM result entry is missing
# [         35]: ERROR: SRAM result entry is missing
# [         36]: ERROR: SRAM result entry is missing
# [         37]: ERROR: SRAM result entry is missing
# [         38]: ERROR: SRAM result entry is missing
# [         39]: ERROR: SRAM result entry is missing
# [         40]: ERROR: SRAM result entry is missing
# [         41]: ERROR: SRAM result entry is missing
# [         42]: ERROR: SRAM result entry is missing
# [         43]: ERROR: SRAM result entry is missing
# [         44]: ERROR: SRAM result entry is missing
# [         45]: ERROR: SRAM result entry is missing
# [         46]: ERROR: SRAM result entry is missing
# [         47]: ERROR: SRAM result entry is missing
# [         48]: ERROR: SRAM result entry is missing
# [         49]: ERROR: SRAM result entry is missing
# [         50]: ERROR: SRAM result entry is missing
# [         51]: ERROR: SRAM result entry is missing
# [         52]: ERROR: SRAM result entry is missing
# [         53]: ERROR: SRAM result entry is missing
# [         54]: ERROR: SRAM result entry is missing
# [         55]: ERROR: SRAM result entry is missing
# [         56]: ERROR: SRAM result entry is missing
# [         57]: ERROR: SRAM result entry is missing
# [         58]: ERROR: SRAM result entry is missing
# [         59]: ERROR: SRAM result entry is missing
# [         60]: ERROR: SRAM result entry is missing
# [         61]: ERROR: SRAM result entry is missing
# [         62]: ERROR: SRAM result entry is missing
# [         63]: ERROR: SRAM result entry is missing
# INFO:LVL0: ######## Running Test: 4 ########
# INFO: Reading memory file: ../inputs/test_4/test_4_input.dat
# INFO: Reading memory file: ../inputs/test_4/test_4_weight.dat
# Received filename in check_result = test
# INFO: ../inputs/test_4/test_4_result.dat
# [          0]: ERROR: SRAM result entry is missing
# [          1]: ERROR: SRAM result entry is missing
# [          2]: ERROR: SRAM result entry is missing
# [          3]: ERROR: SRAM result entry is missing
# [          4]: ERROR: SRAM result entry is missing
# [          5]: ERROR: SRAM result entry is missing
# [          6]: ERROR: SRAM result entry is missing
# [          7]: ERROR: SRAM result entry is missing
# [          8]: ERROR: SRAM result entry is missing
# [          9]: ERROR: SRAM result entry is missing
# [         10]: ERROR: SRAM result entry is missing
# [         11]: ERROR: SRAM result entry is missing
# [         12]: ERROR: SRAM result entry is missing
# [         13]: ERROR: SRAM result entry is missing
# [         14]: ERROR: SRAM result entry is missing
# [         15]: ERROR: SRAM result entry is missing
# [         16]: ERROR: SRAM result entry is missing
# [         17]: ERROR: SRAM result entry is missing
# [         18]: ERROR: SRAM result entry is missing
# [         19]: ERROR: SRAM result entry is missing
# [         20]: ERROR: SRAM result entry is missing
# [         21]: ERROR: SRAM result entry is missing
# [         22]: ERROR: SRAM result entry is missing
# [         23]: ERROR: SRAM result entry is missing
# [         24]: ERROR: SRAM result entry is missing
# [         25]: ERROR: SRAM result entry is missing
# [         26]: ERROR: SRAM result entry is missing
# [         27]: ERROR: SRAM result entry is missing
# [         28]: ERROR: SRAM result entry is missing
# [         29]: ERROR: SRAM result entry is missing
# [         30]: ERROR: SRAM result entry is missing
# [         31]: ERROR: SRAM result entry is missing
# [         32]: ERROR: SRAM result entry is missing
# [         33]: ERROR: SRAM result entry is missing
# [         34]: ERROR: SRAM result entry is missing
# [         35]: ERROR: SRAM result entry is missing
# [         36]: ERROR: SRAM result entry is missing
# [         37]: ERROR: SRAM result entry is missing
# [         38]: ERROR: SRAM result entry is missing
# [         39]: ERROR: SRAM result entry is missing
# [         40]: ERROR: SRAM result entry is missing
# [         41]: ERROR: SRAM result entry is missing
# [         42]: ERROR: SRAM result entry is missing
# [         43]: ERROR: SRAM result entry is missing
# [         44]: ERROR: SRAM result entry is missing
# [         45]: ERROR: SRAM result entry is missing
# [         46]: ERROR: SRAM result entry is missing
# [         47]: ERROR: SRAM result entry is missing
# [         48]: ERROR: SRAM result entry is missing
# [         49]: ERROR: SRAM result entry is missing
# [         50]: ERROR: SRAM result entry is missing
# [         51]: ERROR: SRAM result entry is missing
# [         52]: ERROR: SRAM result entry is missing
# [         53]: ERROR: SRAM result entry is missing
# [         54]: ERROR: SRAM result entry is missing
# [         55]: ERROR: SRAM result entry is missing
# [         56]: ERROR: SRAM result entry is missing
# [         57]: ERROR: SRAM result entry is missing
# [         58]: ERROR: SRAM result entry is missing
# [         59]: ERROR: SRAM result entry is missing
# [         60]: ERROR: SRAM result entry is missing
# [         61]: ERROR: SRAM result entry is missing
# [         62]: ERROR: SRAM result entry is missing
# [         63]: ERROR: SRAM result entry is missing
# INFO: Total number of cases       : 4
# INFO: Total number of result pass : 0 / 256
# INFO: Final pass percentage       :   0.00
# INFO: Final Time Result           : 1760 ns
# INFO: Final Cycle Result          : 352 cycles
# 
# ** Note: $finish    : ../testbench/testbench.sv(334)
#    Time: 2500 ns  Iteration: 1  Instance: /tb_top
# End time: 17:44:07 on Nov 06,2024, Elapsed time: 0:00:01
# Errors: 0, Warnings: 2
